1654519287981	geckodriver	INFO	Listening on 127.0.0.1:56355
1654519288475	mozrunner::runner	INFO	Running command: "/bin/firefox" "--marionette" "--remote-debugging-port" "36429" "-no-remote" "-profile" "/tmp/rust_mozprofileaVMNQ1"
ATTENTION: default value of option mesa_glthread overridden by environment.
ATTENTION: default value of option mesa_glthread overridden by environment.
ATTENTION: default value of option mesa_glthread overridden by environment.
ATTENTION: default value of option mesa_glthread overridden by environment.
1654519291319	Marionette	INFO	Marionette enabled
console.warn: SearchSettings: "get: No settings file exists, new profile?" (new NotFoundError("Could not open the file at /tmp/rust_mozprofileaVMNQ1/search.json.mozlz4", (void 0)))
DevTools listening on ws://localhost:36429/devtools/browser/9dc520a2-b9ef-458b-b0e7-ea997a8d4bbb
1654519293103	Marionette	INFO	Listening on port 40321
1654519293204	RemoteAgent	WARN	TLS certificate errors will be ignored for this session
console.error: (new TypeError("parent is null", "resource://devtools/client/inspector/shared/style-change-tracker.js", 67))
TypeError: parent is null: canMutationImpactCurrentStyles@resource://devtools/client/inspector/shared/style-change-tracker.js:67:24
onMutations@resource://devtools/client/inspector/shared/style-change-tracker.js:84:41
_emit@resource://devtools/shared/event-emitter.js:242:32
emit@resource://devtools/shared/event-emitter.js:186:18
emit@resource://devtools/shared/event-emitter.js:330:18
getMutations@resource://devtools/client/fronts/walker.js:312:10

JavaScript error: resource://gre/modules/AsyncShutdown.jsm, line 575: NotFoundError: No such JSWindowActor 'DevToolsFrame'
1654520097862	Marionette	INFO	Stopped listening on port 40321

###!!! [Child][PContentChild] Error: RunMessage(msgname=PHttpChannel::Msg_DeleteSelf) Channel closing: too late to send/recv, messages will be lost

JavaScript error: chrome://remote/content/marionette/cert.js, line 55: NS_ERROR_NOT_AVAILABLE: Component returned failure code: 0x80040111 (NS_ERROR_NOT_AVAILABLE) [nsICertOverrideService.setDisableAllSecurityChecksAndLetAttackersInterceptMyData]

###!!! [Parent][PImageBridgeParent] Error: RunMessage(msgname=PImageBridge::Msg_WillClose) Channel closing: too late to send/recv, messages will be lost

1654520125335	geckodriver	INFO	Listening on 127.0.0.1:42611
1654520125836	mozrunner::runner	INFO	Running command: "/bin/firefox" "--marionette" "--remote-debugging-port" "48225" "-no-remote" "-profile" "/tmp/rust_mozprofileuRLQey"
ATTENTION: default value of option mesa_glthread overridden by environment.
ATTENTION: default value of option mesa_glthread overridden by environment.
ATTENTION: default value of option mesa_glthread overridden by environment.
ATTENTION: default value of option mesa_glthread overridden by environment.
1654520128165	Marionette	INFO	Marionette enabled
console.warn: SearchSettings: "get: No settings file exists, new profile?" (new NotFoundError("Could not open the file at /tmp/rust_mozprofileuRLQey/search.json.mozlz4", (void 0)))
DevTools listening on ws://localhost:48225/devtools/browser/615762f1-5923-42ee-aa7f-cfff3cafc7c1
1654520129390	Marionette	INFO	Listening on port 36625
1654520129464	RemoteAgent	WARN	TLS certificate errors will be ignored for this session
1654520301907	Marionette	INFO	Stopped listening on port 36625
console.warn: TopSitesFeed: Failed to fetch data from Contile server: NetworkError when attempting to fetch resource.
JavaScript error: chrome://remote/content/marionette/cert.js, line 55: NS_ERROR_NOT_AVAILABLE: Component returned failure code: 0x80040111 (NS_ERROR_NOT_AVAILABLE) [nsICertOverrideService.setDisableAllSecurityChecksAndLetAttackersInterceptMyData]
1654520303186	geckodriver	INFO	Listening on 127.0.0.1:56625
1654520303689	mozrunner::runner	INFO	Running command: "/bin/firefox" "--marionette" "-headless" "--remote-debugging-port" "46873" "-no-remote" "-profile" "/tmp/rust_mozprofileJ4MfSe"
*** You are running in headless mode.
1654520304195	Marionette	INFO	Marionette enabled
[GFX1-]: RenderCompositorSWGL failed mapping default framebuffer, no dt
console.warn: SearchSettings: "get: No settings file exists, new profile?" (new NotFoundError("Could not open the file at /tmp/rust_mozprofileJ4MfSe/search.json.mozlz4", (void 0)))
DevTools listening on ws://localhost:46873/devtools/browser/da492dc5-6e80-43d4-9d12-baa84f06bdf6
1654520305375	Marionette	INFO	Listening on port 42319
1654520305407	RemoteAgent	WARN	TLS certificate errors will be ignored for this session
1654520634908	geckodriver	INFO	Listening on 127.0.0.1:38235
1654520634914	mozrunner::runner	INFO	Running command: "/usr/bin/firefox" "--marionette" "-headless" "--remote-debugging-port" "37839" "-no-remote" "-profile" "/tmp/rust_mozprofilecdnB7Z"
*** You are running in headless mode.
1654520635472	Marionette	INFO	Marionette enabled
[GFX1-]: RenderCompositorSWGL failed mapping default framebuffer, no dt
console.warn: SearchSettings: "get: No settings file exists, new profile?" (new NotFoundError("Could not open the file at /tmp/rust_mozprofilecdnB7Z/search.json.mozlz4", (void 0)))
DevTools listening on ws://localhost:37839/devtools/browser/9f006ca7-4ef6-47fc-9877-970de7765bea
1654520636808	Marionette	INFO	Listening on port 36499
1654520636894	RemoteAgent	WARN	TLS certificate errors will be ignored for this session
Exiting due to channel error.
Exiting due to channel error.
Exiting due to channel error.
1654520928466	geckodriver	INFO	Listening on 127.0.0.1:37415
1654520928983	mozrunner::runner	INFO	Running command: "/usr/bin/firefox" "--marionette" "-headless" "--remote-debugging-port" "58355" "-no-remote" "-profile" "/tmp/rust_mozprofileB2aXaj"
*** You are running in headless mode.
1654520929659	Marionette	INFO	Marionette enabled
[GFX1-]: RenderCompositorSWGL failed mapping default framebuffer, no dt
console.warn: SearchSettings: "get: No settings file exists, new profile?" (new NotFoundError("Could not open the file at /tmp/rust_mozprofileB2aXaj/search.json.mozlz4", (void 0)))
DevTools listening on ws://localhost:58355/devtools/browser/ba34c4ab-336e-44cd-9a66-ad79c5022942
1654520930945	Marionette	INFO	Listening on port 40261
1654520931003	RemoteAgent	WARN	TLS certificate errors will be ignored for this session
1654520988103	geckodriver	INFO	Listening on 127.0.0.1:40683
1654520988144	mozrunner::runner	INFO	Running command: "/usr/bin/firefox" "--marionette" "-headless" "--remote-debugging-port" "55249" "-no-remote" "-profile" "/tmp/rust_mozprofileVB1qov"
*** You are running in headless mode.
1654520988860	Marionette	INFO	Marionette enabled
[GFX1-]: RenderCompositorSWGL failed mapping default framebuffer, no dt
console.warn: SearchSettings: "get: No settings file exists, new profile?" (new NotFoundError("Could not open the file at /tmp/rust_mozprofileVB1qov/search.json.mozlz4", (void 0)))
DevTools listening on ws://localhost:55249/devtools/browser/63cc021c-f7af-4c20-9684-d958d5150b05
1654520990439	Marionette	INFO	Listening on port 33451
1654520990473	RemoteAgent	WARN	TLS certificate errors will be ignored for this session
1654521351909	geckodriver	INFO	Listening on 127.0.0.1:45365
1654521352428	mozrunner::runner	INFO	Running command: "/usr/bin/firefox" "--marionette" "-headless" "--remote-debugging-port" "52667" "-no-remote" "-profile" "/tmp/rust_mozprofilej4Bmjf"
*** You are running in headless mode.
1654521353277	Marionette	INFO	Marionette enabled
[GFX1-]: RenderCompositorSWGL failed mapping default framebuffer, no dt
console.warn: SearchSettings: "get: No settings file exists, new profile?" (new NotFoundError("Could not open the file at /tmp/rust_mozprofilej4Bmjf/search.json.mozlz4", (void 0)))
DevTools listening on ws://localhost:52667/devtools/browser/941cec38-f907-4df3-ab71-97a67ff98818
1654521355477	Marionette	INFO	Listening on port 39031
1654521355586	RemoteAgent	WARN	TLS certificate errors will be ignored for this session
1654521506937	geckodriver	INFO	Listening on 127.0.0.1:48467
1654521507448	mozrunner::runner	INFO	Running command: "/usr/bin/firefox" "--marionette" "-headless" "--remote-debugging-port" "36529" "-no-remote" "-profile" "/tmp/rust_mozprofileITF2FY"
*** You are running in headless mode.
1654521509739	Marionette	INFO	Marionette enabled
[GFX1-]: RenderCompositorSWGL failed mapping default framebuffer, no dt
console.warn: SearchSettings: "get: No settings file exists, new profile?" (new NotFoundError("Could not open the file at /tmp/rust_mozprofileITF2FY/search.json.mozlz4", (void 0)))
DevTools listening on ws://localhost:36529/devtools/browser/2de677df-fe7b-4bf3-bcdf-49d5d39aaa98
1654521514347	Marionette	INFO	Listening on port 44817
1654521514456	RemoteAgent	WARN	TLS certificate errors will be ignored for this session
1654522163932	geckodriver	INFO	Listening on 127.0.0.1:56481
1654522164451	mozrunner::runner	INFO	Running command: "/usr/bin/firefox" "--marionette" "-headless" "--remote-debugging-port" "54415" "-no-remote" "-profile" "/tmp/rust_mozprofileWvsrHe"
*** You are running in headless mode.
1654522165461	Marionette	INFO	Marionette enabled
[GFX1-]: RenderCompositorSWGL failed mapping default framebuffer, no dt
console.warn: SearchSettings: "get: No settings file exists, new profile?" (new NotFoundError("Could not open the file at /tmp/rust_mozprofileWvsrHe/search.json.mozlz4", (void 0)))
DevTools listening on ws://localhost:54415/devtools/browser/b6489fb5-801e-4c59-934c-6c2f57ccf5ea
1654522168330	Marionette	INFO	Listening on port 35165
1654522168422	RemoteAgent	WARN	TLS certificate errors will be ignored for this session

###!!! [Parent][PBackgroundParent] Error: RunMessage(msgname=PBackgroundIDBDatabase::Msg_Close) Channel closing: too late to send/recv, messages will be lost

1654522334707	geckodriver	INFO	Listening on 127.0.0.1:37195
1654522335235	mozrunner::runner	INFO	Running command: "/usr/bin/firefox" "--marionette" "-headless" "--remote-debugging-port" "46229" "-no-remote" "-profile" "/tmp/rust_mozprofileANQcWO"
*** You are running in headless mode.
1654522336265	Marionette	INFO	Marionette enabled
[GFX1-]: RenderCompositorSWGL failed mapping default framebuffer, no dt
console.warn: SearchSettings: "get: No settings file exists, new profile?" (new NotFoundError("Could not open the file at /tmp/rust_mozprofileANQcWO/search.json.mozlz4", (void 0)))
DevTools listening on ws://localhost:46229/devtools/browser/f32aeec5-54f9-4b85-a562-d86c463b891e
1654522338244	Marionette	INFO	Listening on port 36071
1654522338281	RemoteAgent	WARN	TLS certificate errors will be ignored for this session
1654522651450	geckodriver	INFO	Listening on 127.0.0.1:36433
1654522651979	mozrunner::runner	INFO	Running command: "/usr/bin/firefox" "--marionette" "-headless" "--remote-debugging-port" "47019" "-no-remote" "-profile" "/tmp/rust_mozprofileWvgXjp"
*** You are running in headless mode.
1654522653231	Marionette	INFO	Marionette enabled
[GFX1-]: RenderCompositorSWGL failed mapping default framebuffer, no dt
console.warn: SearchSettings: "get: No settings file exists, new profile?" (new NotFoundError("Could not open the file at /tmp/rust_mozprofileWvgXjp/search.json.mozlz4", (void 0)))
DevTools listening on ws://localhost:47019/devtools/browser/72aa0d9c-4cc5-4d8c-9c8b-68ecc9ea242f
1654522655943	Marionette	INFO	Listening on port 41823
1654522656023	RemoteAgent	WARN	TLS certificate errors will be ignored for this session
1654522713915	geckodriver	INFO	Listening on 127.0.0.1:46953
1654522714442	mozrunner::runner	INFO	Running command: "/usr/bin/firefox" "--marionette" "-headless" "--remote-debugging-port" "35393" "-no-remote" "-profile" "/tmp/rust_mozprofileCFuTMk"
*** You are running in headless mode.
1654522716283	Marionette	INFO	Marionette enabled
[GFX1-]: RenderCompositorSWGL failed mapping default framebuffer, no dt
console.warn: SearchSettings: "get: No settings file exists, new profile?" (new NotFoundError("Could not open the file at /tmp/rust_mozprofileCFuTMk/search.json.mozlz4", (void 0)))
DevTools listening on ws://localhost:35393/devtools/browser/b4964366-084e-41e7-babe-49bd6e023547
1654522719838	Marionette	INFO	Listening on port 43663
1654522719883	RemoteAgent	WARN	TLS certificate errors will be ignored for this session
1654522941206	geckodriver	INFO	Listening on 127.0.0.1:43427
1654522941736	mozrunner::runner	INFO	Running command: "/usr/bin/firefox" "--marionette" "-headless" "--remote-debugging-port" "40489" "-no-remote" "-profile" "/tmp/rust_mozprofileg2CDWt"
*** You are running in headless mode.
1654522942537	Marionette	INFO	Marionette enabled
[GFX1-]: RenderCompositorSWGL failed mapping default framebuffer, no dt
console.warn: SearchSettings: "get: No settings file exists, new profile?" (new NotFoundError("Could not open the file at /tmp/rust_mozprofileg2CDWt/search.json.mozlz4", (void 0)))
DevTools listening on ws://localhost:40489/devtools/browser/5587addc-6ba3-47f9-bd90-f8a7115c61c0
1654522944885	Marionette	INFO	Listening on port 37267
1654522945001	RemoteAgent	WARN	TLS certificate errors will be ignored for this session
1654522962270	geckodriver	INFO	Listening on 127.0.0.1:46607
1654522962311	mozrunner::runner	INFO	Running command: "/usr/bin/firefox" "--marionette" "-headless" "--remote-debugging-port" "53273" "-no-remote" "-profile" "/tmp/rust_mozprofilePXDstf"
*** You are running in headless mode.
1654522963791	Marionette	INFO	Marionette enabled
[GFX1-]: RenderCompositorSWGL failed mapping default framebuffer, no dt
console.warn: SearchSettings: "get: No settings file exists, new profile?" (new NotFoundError("Could not open the file at /tmp/rust_mozprofilePXDstf/search.json.mozlz4", (void 0)))
DevTools listening on ws://localhost:53273/devtools/browser/cd5df4c5-0862-40ff-a229-3e63c9540a21
1654522970336	Marionette	INFO	Listening on port 37051
1654522970553	RemoteAgent	WARN	TLS certificate errors will be ignored for this session
1654524371374	geckodriver	INFO	Listening on 127.0.0.1:60653
1654524371915	mozrunner::runner	INFO	Running command: "/usr/bin/firefox" "--marionette" "-headless" "--remote-debugging-port" "50219" "-no-remote" "-profile" "/tmp/rust_mozprofilegMzaI4"
*** You are running in headless mode.
1654524372933	Marionette	INFO	Marionette enabled
[GFX1-]: RenderCompositorSWGL failed mapping default framebuffer, no dt
console.warn: SearchSettings: "get: No settings file exists, new profile?" (new NotFoundError("Could not open the file at /tmp/rust_mozprofilegMzaI4/search.json.mozlz4", (void 0)))
DevTools listening on ws://localhost:50219/devtools/browser/b19fc42e-a4b5-4147-913a-6dac024078d0
1654524375130	Marionette	INFO	Listening on port 44229
1654524375155	RemoteAgent	WARN	TLS certificate errors will be ignored for this session
1654527482303	geckodriver	INFO	Listening on 127.0.0.1:32961
1654527482774	mozrunner::runner	INFO	Running command: "/usr/bin/firefox" "--marionette" "-headless" "--remote-debugging-port" "48853" "-no-remote" "-profile" "/tmp/rust_mozprofilecw6sSB"
*** You are running in headless mode.
1654527484596	Marionette	INFO	Marionette enabled
[GFX1-]: RenderCompositorSWGL failed mapping default framebuffer, no dt
console.warn: SearchSettings: "get: No settings file exists, new profile?" (new NotFoundError("Could not open the file at /tmp/rust_mozprofilecw6sSB/search.json.mozlz4", (void 0)))
DevTools listening on ws://localhost:48853/devtools/browser/fd8de099-99d8-4dc7-bd30-d1aae236096e
1654527487330	Marionette	INFO	Listening on port 34215
1654527487439	RemoteAgent	WARN	TLS certificate errors will be ignored for this session
1654527496777	geckodriver	INFO	Listening on 127.0.0.1:48977
1654527497279	mozrunner::runner	INFO	Running command: "/usr/bin/firefox" "--marionette" "-headless" "--remote-debugging-port" "46381" "-no-remote" "-profile" "/tmp/rust_mozprofileKszEra"
*** You are running in headless mode.
Exiting due to channel error.
Exiting due to channel error.
Exiting due to channel error.
1654527607770	geckodriver	INFO	Listening on 127.0.0.1:37249
1654527607777	mozrunner::runner	INFO	Running command: "/usr/bin/firefox" "--marionette" "-headless" "--remote-debugging-port" "46091" "-no-remote" "-profile" "/tmp/rust_mozprofileDJ4RGy"
*** You are running in headless mode.
1654527608742	Marionette	INFO	Marionette enabled
[GFX1-]: RenderCompositorSWGL failed mapping default framebuffer, no dt
console.warn: SearchSettings: "get: No settings file exists, new profile?" (new NotFoundError("Could not open the file at /tmp/rust_mozprofileDJ4RGy/search.json.mozlz4", (void 0)))
DevTools listening on ws://localhost:46091/devtools/browser/22a9f25a-37d5-4cc4-a0d5-6c2baf1945dc
1654527611358	Marionette	INFO	Listening on port 45117
1654527611425	RemoteAgent	WARN	TLS certificate errors will be ignored for this session
1654527619895	geckodriver	INFO	Listening on 127.0.0.1:38953
1654527620398	mozrunner::runner	INFO	Running command: "/usr/bin/firefox" "--marionette" "-headless" "--remote-debugging-port" "41687" "-no-remote" "-profile" "/tmp/rust_mozprofilesODUrH"
*** You are running in headless mode.
1654527622190	Marionette	INFO	Marionette enabled
[GFX1-]: RenderCompositorSWGL failed mapping default framebuffer, no dt
console.warn: SearchSettings: "get: No settings file exists, new profile?" (new NotFoundError("Could not open the file at /tmp/rust_mozprofilesODUrH/search.json.mozlz4", (void 0)))
DevTools listening on ws://localhost:41687/devtools/browser/2d2e16c1-4bd9-4ced-aa29-26a20a6f942e
1654527626079	Marionette	INFO	Listening on port 43845
1654527626176	RemoteAgent	WARN	TLS certificate errors will be ignored for this session
1654527644678	geckodriver	INFO	Listening on 127.0.0.1:53719
1654527645184	mozrunner::runner	INFO	Running command: "/usr/bin/firefox" "--marionette" "-headless" "--remote-debugging-port" "38023" "-no-remote" "-profile" "/tmp/rust_mozprofilewiZciR"
*** You are running in headless mode.
1654527649658	Marionette	INFO	Marionette enabled
[GFX1-]: RenderCompositorSWGL failed mapping default framebuffer, no dt
console.warn: SearchSettings: "get: No settings file exists, new profile?" (new NotFoundError("Could not open the file at /tmp/rust_mozprofilewiZciR/search.json.mozlz4", (void 0)))
DevTools listening on ws://localhost:38023/devtools/browser/ac049451-930c-4564-a6ac-cb516ba12f2e
1654527662780	Marionette	INFO	Listening on port 40341
1654527663093	RemoteAgent	WARN	TLS certificate errors will be ignored for this session
1654527685276	geckodriver	INFO	Listening on 127.0.0.1:43791
1654527685779	mozrunner::runner	INFO	Running command: "/usr/bin/firefox" "--marionette" "-headless" "--remote-debugging-port" "37563" "-no-remote" "-profile" "/tmp/rust_mozprofileTHs9mQ"
*** You are running in headless mode.
1654527692231	Marionette	INFO	Marionette enabled
[GFX1-]: RenderCompositorSWGL failed mapping default framebuffer, no dt
console.warn: SearchSettings: "get: No settings file exists, new profile?" (new NotFoundError("Could not open the file at /tmp/rust_mozprofileTHs9mQ/search.json.mozlz4", (void 0)))
DevTools listening on ws://localhost:37563/devtools/browser/09b9ab95-e395-4956-9881-b6a730c009ff
1654527705046	Marionette	INFO	Listening on port 37495
1654527705119	RemoteAgent	WARN	TLS certificate errors will be ignored for this session
1654527724186	geckodriver	INFO	Listening on 127.0.0.1:58543
1654527724687	mozrunner::runner	INFO	Running command: "/usr/bin/firefox" "--marionette" "-headless" "--remote-debugging-port" "39619" "-no-remote" "-profile" "/tmp/rust_mozprofilekkAVON"
*** You are running in headless mode.
1654527728818	Marionette	INFO	Marionette enabled
[GFX1-]: RenderCompositorSWGL failed mapping default framebuffer, no dt
console.warn: SearchSettings: "get: No settings file exists, new profile?" (new NotFoundError("Could not open the file at /tmp/rust_mozprofilekkAVON/search.json.mozlz4", (void 0)))
DevTools listening on ws://localhost:39619/devtools/browser/8ce6682e-20c3-4b7a-a00b-9be6bef23442
1654527741955	Marionette	INFO	Listening on port 37947
1654527742124	RemoteAgent	WARN	TLS certificate errors will be ignored for this session
1654527776917	geckodriver	INFO	Listening on 127.0.0.1:53967
1654527777216	mozrunner::runner	INFO	Running command: "/usr/bin/firefox" "--marionette" "-headless" "--remote-debugging-port" "52997" "-no-remote" "-profile" "/tmp/rust_mozprofileKUoYBZ"
*** You are running in headless mode.
1654527784701	Marionette	INFO	Marionette enabled
Exiting due to channel error.
Exiting due to channel error.
Exiting due to channel error.
Exiting due to channel error.
Exiting due to channel error.
Exiting due to channel error.
Exiting due to channel error.
Exiting due to channel error.
Exiting due to channel error.

###!!! [Child][PImageBridgeChild] Error: Send(msgname=PImageBridge::Msg_Update) Channel error: cannot send/recv

Exiting due to channel error.
Exiting due to channel error.
Exiting due to channel error.
Exiting due to channel error.
Exiting due to channel error.
Exiting due to channel error.
1654527791637	geckodriver	INFO	Listening on 127.0.0.1:55533
1654527791671	mozrunner::runner	INFO	Running command: "/usr/bin/firefox" "--marionette" "-headless" "--remote-debugging-port" "37033" "-no-remote" "-profile" "/tmp/rust_mozprofilem5iEi9"
*** You are running in headless mode.
1654527792526	Marionette	INFO	Marionette enabled
[GFX1-]: RenderCompositorSWGL failed mapping default framebuffer, no dt
console.warn: SearchSettings: "get: No settings file exists, new profile?" (new NotFoundError("Could not open the file at /tmp/rust_mozprofilem5iEi9/search.json.mozlz4", (void 0)))
DevTools listening on ws://localhost:37033/devtools/browser/8ca4e1c9-b870-45d0-abc9-07bc3e75882e
1654527795110	Marionette	INFO	Listening on port 37415
1654527795216	RemoteAgent	WARN	TLS certificate errors will be ignored for this session
1654527813175	geckodriver	INFO	Listening on 127.0.0.1:58009
1654527813185	mozrunner::runner	INFO	Running command: "/usr/bin/firefox" "--marionette" "-headless" "--remote-debugging-port" "60553" "-no-remote" "-profile" "/tmp/rust_mozprofilel7rIoe"
*** You are running in headless mode.
1654527815133	Marionette	INFO	Marionette enabled
[GFX1-]: RenderCompositorSWGL failed mapping default framebuffer, no dt
console.warn: SearchSettings: "get: No settings file exists, new profile?" (new NotFoundError("Could not open the file at /tmp/rust_mozprofilel7rIoe/search.json.mozlz4", (void 0)))
DevTools listening on ws://localhost:60553/devtools/browser/14523935-93fc-429d-bbbb-fb46cfc92fe9
1654527819529	Marionette	INFO	Listening on port 43739
1654527819809	RemoteAgent	WARN	TLS certificate errors will be ignored for this session
1654527838356	geckodriver	INFO	Listening on 127.0.0.1:59925
1654527838860	mozrunner::runner	INFO	Running command: "/usr/bin/firefox" "--marionette" "-headless" "--remote-debugging-port" "52409" "-no-remote" "-profile" "/tmp/rust_mozprofilehpaQV7"
*** You are running in headless mode.
1654527844230	Marionette	INFO	Marionette enabled
[GFX1-]: RenderCompositorSWGL failed mapping default framebuffer, no dt
console.warn: SearchSettings: "get: No settings file exists, new profile?" (new NotFoundError("Could not open the file at /tmp/rust_mozprofilehpaQV7/search.json.mozlz4", (void 0)))
DevTools listening on ws://localhost:52409/devtools/browser/cc78d2e9-6b61-459b-9846-9a44d2ddfe49
1654527856389	Marionette	INFO	Listening on port 44243
1654527856738	RemoteAgent	WARN	TLS certificate errors will be ignored for this session
1654527875662	geckodriver	INFO	Listening on 127.0.0.1:58353
1654527875738	mozrunner::runner	INFO	Running command: "/usr/bin/firefox" "--marionette" "-headless" "--remote-debugging-port" "32909" "-no-remote" "-profile" "/tmp/rust_mozprofilec2xOyP"
*** You are running in headless mode.

###!!! [Parent][PBackgroundParent] Error: RunMessage(msgname=PBackgroundIDBDatabase::Msg_Close) Channel closing: too late to send/recv, messages will be lost

1654527880225	Marionette	INFO	Marionette enabled
[GFX1-]: RenderCompositorSWGL failed mapping default framebuffer, no dt
console.warn: SearchSettings: "get: No settings file exists, new profile?" (new NotFoundError("Could not open the file at /tmp/rust_mozprofilec2xOyP/search.json.mozlz4", (void 0)))
Exiting due to channel error.
Exiting due to channel error.
Exiting due to channel error.
Exiting due to channel error.
Exiting due to channel error.
Exiting due to channel error.
Exiting due to channel error.
Exiting due to channel error.
Exiting due to channel error.
Exiting due to channel error.
Exiting due to channel error.
1654527956583	Marionette	INFO	Stopped listening on port 37267
1654527956699	Marionette	INFO	Stopped listening on port 42319
1654527956764	Marionette	INFO	Stopped listening on port 40261
1654527956765	Marionette	INFO	Stopped listening on port 33451
1654527956806	Marionette	INFO	Stopped listening on port 37051
1654527956960	Marionette	INFO	Stopped listening on port 39031
1654527957217	Marionette	INFO	Stopped listening on port 44229
1654527957272	Marionette	INFO	Stopped listening on port 43663
JavaScript error: chrome://remote/content/marionette/cert.js, line 55: NS_ERROR_NOT_AVAILABLE: Component returned failure code: 0x80040111 (NS_ERROR_NOT_AVAILABLE) [nsICertOverrideService.setDisableAllSecurityChecksAndLetAttackersInterceptMyData]

###!!! [Parent][PContentParent] Error: Send(msgname=PContent::Msg_DestroyBrowsingContextGroup) Closed channel: cannot send/recv


###!!! [Child][PContentChild] Error: RunMessage(msgname=PContent::Reply_DiscardBrowsingContext) Channel closing: too late to send/recv, messages will be lost


###!!! [Parent][PContentParent] Error: Send(msgname=PContent::Msg_DestroyBrowsingContextGroup) Closed channel: cannot send/recv


###!!! [Child][PContentChild] Error: RunMessage(msgname=PContent::Reply_DiscardBrowsingContext) Channel closing: too late to send/recv, messages will be lost


###!!! [Child][PContentChild] Error: Send(msgname=PBrowser::Msg___delete__) Channel closing: too late to send/recv, messages will be lost


###!!! [Parent][PContentParent] Error: Send(msgname=PContent::Msg_DestroyBrowsingContextGroup) Closed channel: cannot send/recv


###!!! [Child][PContentChild] Error: RunMessage(msgname=PContent::Reply_DiscardBrowsingContext) Channel closing: too late to send/recv, messages will be lost


###!!! [Parent][PContentParent] Error: Send(msgname=PContent::Msg_DestroyBrowsingContextGroup) Closed channel: cannot send/recv


###!!! [Parent][PContentParent] Error: Send(msgname=PContent::Msg_DestroyBrowsingContextGroup) Closed channel: cannot send/recv


###!!! [Parent][PContentParent] Error: Send(msgname=PContent::Msg_DestroyBrowsingContextGroup) Closed channel: cannot send/recv


###!!! [Child][PContentChild] Error: Send(msgname=PContent::Msg_ScriptError) Channel closing: too late to send/recv, messages will be lost


###!!! [Child][PContentChild] Error: Send(msgname=PWebSocket::Msg_DeleteSelf) Channel closing: too late to send/recv, messages will be lost


###!!! [Child][PContentChild] Error: Send(msgname=PContent::Msg_ScriptError) Channel closing: too late to send/recv, messages will be lost


###!!! [Child][PContentChild] Error: Send(msgname=PWebSocket::Msg_DeleteSelf) Channel closing: too late to send/recv, messages will be lost


###!!! [Parent][PContentParent] Error: Send(msgname=PContent::Msg_DestroyBrowsingContextGroup) Closed channel: cannot send/recv


###!!! [Child][PContentChild] Error: Send(msgname=PContent::Msg_ScriptError) Channel closing: too late to send/recv, messages will be lost


###!!! [Child][PContentChild] Error: Send(msgname=PWebSocket::Msg_DeleteSelf) Channel closing: too late to send/recv, messages will be lost


###!!! [Child][PContentChild] Error: Send(msgname=PContent::Msg_ScriptError) Channel closing: too late to send/recv, messages will be lost


###!!! [Child][PContentChild] Error: Send(msgname=PWebSocket::Msg_DeleteSelf) Channel closing: too late to send/recv, messages will be lost


###!!! [Parent][PContentParent] Error: Send(msgname=PContent::Msg_DestroyBrowsingContextGroup) Closed channel: cannot send/recv


###!!! [Child][PContentChild] Error: RunMessage(msgname=PHttpChannel::Msg_DeleteSelf) Channel closing: too late to send/recv, messages will be lost


###!!! [Child][PContentChild] Error: RunMessage(msgname=PHttpChannel::Msg_DeleteSelf) Channel closing: too late to send/recv, messages will be lost


###!!! [Child][PContentChild] Error: Send(msgname=PBrowser::Msg___delete__) Channel closing: too late to send/recv, messages will be lost


###!!! [Parent][PImageBridgeParent] Error: RunMessage(msgname=PImageBridge::Msg_WillClose) Channel closing: too late to send/recv, messages will be lost


###!!! [Parent][PImageBridgeParent] Error: RunMessage(msgname=PImageBridge::Msg_WillClose) Channel closing: too late to send/recv, messages will be lost

1654528062704	geckodriver	INFO	Listening on 127.0.0.1:51959
1654528063208	mozrunner::runner	INFO	Running command: "/usr/bin/firefox" "--marionette" "-headless" "--remote-debugging-port" "56825" "-no-remote" "-profile" "/tmp/rust_mozprofileveUirW"
*** You are running in headless mode.
1654528063781	Marionette	INFO	Marionette enabled
Exiting due to channel error.
Exiting due to channel error.
1654528067269	geckodriver	INFO	Listening on 127.0.0.1:39735
1654528067273	mozrunner::runner	INFO	Running command: "/usr/bin/firefox" "--marionette" "-headless" "--remote-debugging-port" "58605" "-no-remote" "-profile" "/tmp/rust_mozprofilenuuu7w"
*** You are running in headless mode.
1654528067809	Marionette	INFO	Marionette enabled
[GFX1-]: RenderCompositorSWGL failed mapping default framebuffer, no dt
console.warn: SearchSettings: "get: No settings file exists, new profile?" (new NotFoundError("Could not open the file at /tmp/rust_mozprofilenuuu7w/search.json.mozlz4", (void 0)))
DevTools listening on ws://localhost:58605/devtools/browser/4c446da5-8c46-4b98-8f94-9a8033733926
1654528069067	Marionette	INFO	Listening on port 41211
1654528069099	RemoteAgent	WARN	TLS certificate errors will be ignored for this session
1654528077132	geckodriver	INFO	Listening on 127.0.0.1:59971
1654528077647	mozrunner::runner	INFO	Running command: "/usr/bin/firefox" "--marionette" "-headless" "--remote-debugging-port" "36589" "-no-remote" "-profile" "/tmp/rust_mozprofilezONB6T"
*** You are running in headless mode.
1654528078342	Marionette	INFO	Marionette enabled
[GFX1-]: RenderCompositorSWGL failed mapping default framebuffer, no dt
console.warn: SearchSettings: "get: No settings file exists, new profile?" (new NotFoundError("Could not open the file at /tmp/rust_mozprofilezONB6T/search.json.mozlz4", (void 0)))
DevTools listening on ws://localhost:36589/devtools/browser/a99b044f-c988-45b0-a303-26723015f00c
1654528079603	Marionette	INFO	Listening on port 41241
1654528079678	RemoteAgent	WARN	TLS certificate errors will be ignored for this session
1654528086980	geckodriver	INFO	Listening on 127.0.0.1:39015
1654528087001	mozrunner::runner	INFO	Running command: "/usr/bin/firefox" "--marionette" "-headless" "--remote-debugging-port" "59669" "-no-remote" "-profile" "/tmp/rust_mozprofile7L8Xwv"
*** You are running in headless mode.
1654528087756	Marionette	INFO	Marionette enabled
[GFX1-]: RenderCompositorSWGL failed mapping default framebuffer, no dt
console.warn: SearchSettings: "get: No settings file exists, new profile?" (new NotFoundError("Could not open the file at /tmp/rust_mozprofile7L8Xwv/search.json.mozlz4", (void 0)))
DevTools listening on ws://localhost:59669/devtools/browser/d4068330-c37c-4679-98a0-151322232504
1654528089381	Marionette	INFO	Listening on port 42451
1654528089425	RemoteAgent	WARN	TLS certificate errors will be ignored for this session
1654528098966	geckodriver	INFO	Listening on 127.0.0.1:53251
1654528099472	mozrunner::runner	INFO	Running command: "/usr/bin/firefox" "--marionette" "-headless" "--remote-debugging-port" "49273" "-no-remote" "-profile" "/tmp/rust_mozprofileQsszTW"
*** You are running in headless mode.
1654528100168	Marionette	INFO	Marionette enabled
[GFX1-]: RenderCompositorSWGL failed mapping default framebuffer, no dt
console.warn: SearchSettings: "get: No settings file exists, new profile?" (new NotFoundError("Could not open the file at /tmp/rust_mozprofileQsszTW/search.json.mozlz4", (void 0)))
DevTools listening on ws://localhost:49273/devtools/browser/acf6e903-4d6e-4a6a-aa50-d23bee8712fa
1654528102741	Marionette	INFO	Listening on port 43199
1654528102807	RemoteAgent	WARN	TLS certificate errors will be ignored for this session
1654528111334	geckodriver	INFO	Listening on 127.0.0.1:51987
1654528111355	mozrunner::runner	INFO	Running command: "/usr/bin/firefox" "--marionette" "-headless" "--remote-debugging-port" "48681" "-no-remote" "-profile" "/tmp/rust_mozprofile86Ij45"
*** You are running in headless mode.
1654528112328	Marionette	INFO	Marionette enabled
[GFX1-]: RenderCompositorSWGL failed mapping default framebuffer, no dt
console.warn: SearchSettings: "get: No settings file exists, new profile?" (new NotFoundError("Could not open the file at /tmp/rust_mozprofile86Ij45/search.json.mozlz4", (void 0)))
DevTools listening on ws://localhost:48681/devtools/browser/59f1271e-f854-472c-95ba-6bacadb99540
1654528116361	Marionette	INFO	Listening on port 39605
1654528116425	RemoteAgent	WARN	TLS certificate errors will be ignored for this session
1654528130788	geckodriver	INFO	Listening on 127.0.0.1:60707
1654528131293	mozrunner::runner	INFO	Running command: "/usr/bin/firefox" "--marionette" "-headless" "--remote-debugging-port" "55739" "-no-remote" "-profile" "/tmp/rust_mozprofileF253Wm"
*** You are running in headless mode.
1654528133761	Marionette	INFO	Marionette enabled
[GFX1-]: RenderCompositorSWGL failed mapping default framebuffer, no dt
console.warn: SearchSettings: "get: No settings file exists, new profile?" (new NotFoundError("Could not open the file at /tmp/rust_mozprofileF253Wm/search.json.mozlz4", (void 0)))
DevTools listening on ws://localhost:55739/devtools/browser/4627b89a-9d39-467e-8ce1-7a60682d2f05
1654528140178	Marionette	INFO	Listening on port 35021
1654528140375	RemoteAgent	WARN	TLS certificate errors will be ignored for this session
1654528159667	geckodriver	INFO	Listening on 127.0.0.1:34111
1654528159711	mozrunner::runner	INFO	Running command: "/usr/bin/firefox" "--marionette" "-headless" "--remote-debugging-port" "55657" "-no-remote" "-profile" "/tmp/rust_mozprofile88S9aa"
*** You are running in headless mode.
1654528161741	Marionette	INFO	Marionette enabled
[GFX1-]: RenderCompositorSWGL failed mapping default framebuffer, no dt
console.warn: SearchSettings: "get: No settings file exists, new profile?" (new NotFoundError("Could not open the file at /tmp/rust_mozprofile88S9aa/search.json.mozlz4", (void 0)))
DevTools listening on ws://localhost:55657/devtools/browser/a04cdd6a-d665-459f-92b7-2b686d33dacf
1654528169301	Marionette	INFO	Listening on port 36849
1654528169471	RemoteAgent	WARN	TLS certificate errors will be ignored for this session
1654528189660	geckodriver	INFO	Listening on 127.0.0.1:53029
1654528189714	mozrunner::runner	INFO	Running command: "/usr/bin/firefox" "--marionette" "-headless" "--remote-debugging-port" "60125" "-no-remote" "-profile" "/tmp/rust_mozprofileTLZh5g"
*** You are running in headless mode.
1654528192399	Marionette	INFO	Marionette enabled
[GFX1-]: RenderCompositorSWGL failed mapping default framebuffer, no dt
console.warn: SearchSettings: "get: No settings file exists, new profile?" (new NotFoundError("Could not open the file at /tmp/rust_mozprofileTLZh5g/search.json.mozlz4", (void 0)))
DevTools listening on ws://localhost:60125/devtools/browser/7658baea-8205-4a27-b455-3aeaa4ce2988
1654528201710	Marionette	INFO	Listening on port 38765
1654528201861	RemoteAgent	WARN	TLS certificate errors will be ignored for this session
1654528220041	geckodriver	INFO	Listening on 127.0.0.1:51777
1654528220549	mozrunner::runner	INFO	Running command: "/usr/bin/firefox" "--marionette" "-headless" "--remote-debugging-port" "51133" "-no-remote" "-profile" "/tmp/rust_mozprofileDBExlA"
*** You are running in headless mode.
1654528223551	Marionette	INFO	Marionette enabled
[GFX1-]: RenderCompositorSWGL failed mapping default framebuffer, no dt
console.warn: SearchSettings: "get: No settings file exists, new profile?" (new NotFoundError("Could not open the file at /tmp/rust_mozprofileDBExlA/search.json.mozlz4", (void 0)))
DevTools listening on ws://localhost:51133/devtools/browser/a7923516-6284-44ea-a0de-70b5a7ee4f76
1654528232356	Marionette	INFO	Listening on port 45823
1654528232465	RemoteAgent	WARN	TLS certificate errors will be ignored for this session
1654528249117	geckodriver	INFO	Listening on 127.0.0.1:46291
1654528249618	mozrunner::runner	INFO	Running command: "/usr/bin/firefox" "--marionette" "-headless" "--remote-debugging-port" "59435" "-no-remote" "-profile" "/tmp/rust_mozprofileWWi0cN"
*** You are running in headless mode.
1654528251475	Marionette	INFO	Marionette enabled
[GFX1-]: RenderCompositorSWGL failed mapping default framebuffer, no dt
console.warn: SearchSettings: "get: No settings file exists, new profile?" (new NotFoundError("Could not open the file at /tmp/rust_mozprofileWWi0cN/search.json.mozlz4", (void 0)))
DevTools listening on ws://localhost:59435/devtools/browser/411e5c2f-4c4e-4fcb-a3b6-a9887f91dcac
1654528260263	Marionette	INFO	Listening on port 37981
1654528260336	RemoteAgent	WARN	TLS certificate errors will be ignored for this session
1654528286920	geckodriver	INFO	Listening on 127.0.0.1:44479
1654528287429	mozrunner::runner	INFO	Running command: "/usr/bin/firefox" "--marionette" "-headless" "--remote-debugging-port" "59471" "-no-remote" "-profile" "/tmp/rust_mozprofileC7ozf1"
*** You are running in headless mode.
1654528291758	Marionette	INFO	Marionette enabled
[GFX1-]: RenderCompositorSWGL failed mapping default framebuffer, no dt
console.warn: SearchSettings: "get: No settings file exists, new profile?" (new NotFoundError("Could not open the file at /tmp/rust_mozprofileC7ozf1/search.json.mozlz4", (void 0)))
JavaScript warning: https://ddacn6pr5v0tl.cloudfront.net/custom-moat-video-native.min.js#_moatApi11274369, line 251: WEBGL_debug_renderer_info is deprecated in Firefox and will be removed. Please use RENDERER.
DevTools listening on ws://localhost:59471/devtools/browser/3cc3865c-1cbd-4323-991c-8e746c2d7d40
1654528299483	Marionette	INFO	Listening on port 37007
1654528299669	RemoteAgent	WARN	TLS certificate errors will be ignored for this session
1654528317728	geckodriver	INFO	Listening on 127.0.0.1:33173
1654528317754	mozrunner::runner	INFO	Running command: "/usr/bin/firefox" "--marionette" "-headless" "--remote-debugging-port" "52565" "-no-remote" "-profile" "/tmp/rust_mozprofileQJI77C"
*** You are running in headless mode.
1654528319667	Marionette	INFO	Marionette enabled
[GFX1-]: RenderCompositorSWGL failed mapping default framebuffer, no dt
console.warn: SearchSettings: "get: No settings file exists, new profile?" (new NotFoundError("Could not open the file at /tmp/rust_mozprofileQJI77C/search.json.mozlz4", (void 0)))
DevTools listening on ws://localhost:52565/devtools/browser/c99f7cb4-127b-4d79-9ae7-5d39e649023d
1654528336620	Marionette	INFO	Listening on port 45967
1654528337218	RemoteAgent	WARN	TLS certificate errors will be ignored for this session
1654528371983	geckodriver	INFO	Listening on 127.0.0.1:42385
1654528372483	mozrunner::runner	INFO	Running command: "/usr/bin/firefox" "--marionette" "-headless" "--remote-debugging-port" "54389" "-no-remote" "-profile" "/tmp/rust_mozprofileEDxTwH"
*** You are running in headless mode.
1654528379758	Marionette	INFO	Marionette enabled
[GFX1-]: RenderCompositorSWGL failed mapping default framebuffer, no dt
console.warn: SearchSettings: "get: No settings file exists, new profile?" (new NotFoundError("Could not open the file at /tmp/rust_mozprofileEDxTwH/search.json.mozlz4", (void 0)))
DevTools listening on ws://localhost:54389/devtools/browser/d44ebf1c-1c75-47b6-bfa4-dede14eb30d4
1654528401136	Marionette	INFO	Listening on port 45935
1654528401517	RemoteAgent	WARN	TLS certificate errors will be ignored for this session

###!!! [Parent][PBackgroundParent] Error: RunMessage(msgname=PBackgroundIDBDatabase::Msg_Close) Channel closing: too late to send/recv, messages will be lost

1654528456503	geckodriver	INFO	Listening on 127.0.0.1:32783
1654528457011	mozrunner::runner	INFO	Running command: "/usr/bin/firefox" "--marionette" "-headless" "--remote-debugging-port" "53793" "-no-remote" "-profile" "/tmp/rust_mozprofiletNcEhF"
*** You are running in headless mode.
1654528462668	Marionette	INFO	Marionette enabled
[GFX1-]: RenderCompositorSWGL failed mapping default framebuffer, no dt
console.warn: SearchSettings: "get: No settings file exists, new profile?" (new NotFoundError("Could not open the file at /tmp/rust_mozprofiletNcEhF/search.json.mozlz4", (void 0)))
DevTools listening on ws://localhost:53793/devtools/browser/17d42625-b3bc-4648-8bd3-bc473e6dcf02
1654528476803	Marionette	INFO	Listening on port 35363
1654528477206	RemoteAgent	WARN	TLS certificate errors will be ignored for this session
A content process crashed and MOZ_CRASHREPORTER_SHUTDOWN is set, shutting down
A content process crashed and MOZ_CRASHREPORTER_SHUTDOWN is set, shutting down
A content process crashed and MOZ_CRASHREPORTER_SHUTDOWN is set, shutting down
1654528686323	Marionette	INFO	Stopped listening on port 35363
A content process crashed and MOZ_CRASHREPORTER_SHUTDOWN is set, shutting down
A content process crashed and MOZ_CRASHREPORTER_SHUTDOWN is set, shutting down
1654528686515	Marionette	INFO	Stopped listening on port 37007
A content process crashed and MOZ_CRASHREPORTER_SHUTDOWN is set, shutting down
1654528686718	Marionette	INFO	Stopped listening on port 45935
1654528686770	Marionette	INFO	Stopped listening on port 43199
1654528686852	Marionette	INFO	Stopped listening on port 37981
1654528687400	Marionette	INFO	Stopped listening on port 42451

###!!! [Parent][PImageBridgeParent] Error: RunMessage(msgname=PImageBridge::Msg_WillClose) Channel closing: too late to send/recv, messages will be lost

A content process crashed and MOZ_CRASHREPORTER_SHUTDOWN is set, shutting down
A content process crashed and MOZ_CRASHREPORTER_SHUTDOWN is set, shutting down
A content process crashed and MOZ_CRASHREPORTER_SHUTDOWN is set, shutting down
A content process crashed and MOZ_CRASHREPORTER_SHUTDOWN is set, shutting down
A content process crashed and MOZ_CRASHREPORTER_SHUTDOWN is set, shutting down
A content process crashed and MOZ_CRASHREPORTER_SHUTDOWN is set, shutting down
A content process crashed and MOZ_CRASHREPORTER_SHUTDOWN is set, shutting down
1654528695919	Marionette	INFO	Stopped listening on port 35021
1654528695920	Marionette	INFO	Stopped listening on port 38765
1654528695925	Marionette	INFO	Stopped listening on port 36849
1654528695937	Marionette	INFO	Stopped listening on port 45967
1654528695946	Marionette	INFO	Stopped listening on port 45823
1654528696326	Marionette	INFO	Stopped listening on port 41211
1654528696334	Marionette	INFO	Stopped listening on port 41241

###!!! [Parent][PContentParent] Error: Send(msgname=PContent::Msg_DestroyBrowsingContextGroup) Closed channel: cannot send/recv


###!!! [Child][PContentChild] Error: RunMessage(msgname=PContent::Reply_DiscardBrowsingContext) Channel closing: too late to send/recv, messages will be lost


###!!! [Child][PContentChild] Error: RunMessage(msgname=PHttpChannel::Msg_DeleteSelf) Channel closing: too late to send/recv, messages will be lost


###!!! [Parent][PContentParent] Error: Send(msgname=PContent::Msg_DestroyBrowsingContextGroup) Closed channel: cannot send/recv


###!!! [Child][PContentChild] Error: RunMessage(msgname=PContent::Reply_DiscardBrowsingContext) Channel closing: too late to send/recv, messages will be lost


###!!! [Parent][PContentParent] Error: Send(msgname=PContent::Msg_DestroyBrowsingContextGroup) Closed channel: cannot send/recv


###!!! [Child][PContentChild] Error: Send(msgname=PContent::Msg_ScriptError) Channel closing: too late to send/recv, messages will be lost


###!!! [Child][PContentChild] Error: RunMessage(msgname=PContent::Reply_DiscardBrowsingContext) Channel closing: too late to send/recv, messages will be lost


###!!! [Child][PContentChild] Error: Send(msgname=PContent::Msg_ScriptError) Channel closing: too late to send/recv, messages will be lost


###!!! [Child][PContentChild] Error: RunMessage(msgname=PHttpChannel::Msg_DeleteSelf) Channel closing: too late to send/recv, messages will be lost


###!!! [Parent][PContentParent] Error: Send(msgname=PContent::Msg_DestroyBrowsingContextGroup) Closed channel: cannot send/recv


###!!! [Child][PContentChild] Error: RunMessage(msgname=PContent::Reply_DiscardBrowsingContext) Channel closing: too late to send/recv, messages will be lost


###!!! [Parent][PContentParent] Error: Send(msgname=PContent::Msg_DestroyBrowsingContextGroup) Closed channel: cannot send/recv


###!!! [Child][PContentChild] Error: RunMessage(msgname=PContent::Reply_DiscardBrowsingContext) Channel closing: too late to send/recv, messages will be lost


###!!! [Child][PContentChild] Error: RunMessage(msgname=PHttpChannel::Msg_DeleteSelf) Channel closing: too late to send/recv, messages will be lost


###!!! [Child][PContentChild] Error: RunMessage(msgname=PContent::Reply_DiscardBrowsingContext) Channel closing: too late to send/recv, messages will be lost


###!!! [Child][PContentChild] Error: RunMessage(msgname=PHttpChannel::Msg_DeleteSelf) Channel closing: too late to send/recv, messages will be lost


###!!! [Parent][PContentParent] Error: Send(msgname=PContent::Msg_DestroyBrowsingContextGroup) Closed channel: cannot send/recv


###!!! [Child][PContentChild] Error: RunMessage(msgname=PContent::Reply_DiscardBrowsingContext) Channel closing: too late to send/recv, messages will be lost


###!!! [Parent][PContentParent] Error: Send(msgname=PContent::Msg_DestroyBrowsingContextGroup) Closed channel: cannot send/recv

A content process crashed and MOZ_CRASHREPORTER_SHUTDOWN is set, shutting down
A content process crashed and MOZ_CRASHREPORTER_SHUTDOWN is set, shutting down
1654528704796	Marionette	INFO	Stopped listening on port 39605
1654529256347	geckodriver	INFO	Listening on 127.0.0.1:34559
1654529256867	mozrunner::runner	INFO	Running command: "/usr/bin/firefox" "--marionette" "-headless" "--remote-debugging-port" "47625" "-no-remote" "-profile" "/tmp/rust_mozprofileFJXzDN"
*** You are running in headless mode.
1654529257526	Marionette	INFO	Marionette enabled
[GFX1-]: RenderCompositorSWGL failed mapping default framebuffer, no dt
console.warn: SearchSettings: "get: No settings file exists, new profile?" (new NotFoundError("Could not open the file at /tmp/rust_mozprofileFJXzDN/search.json.mozlz4", (void 0)))
DevTools listening on ws://localhost:47625/devtools/browser/09c6a03c-236f-40c9-8404-8c96203f54b0
1654529258869	Marionette	INFO	Listening on port 36401
1654529258895	RemoteAgent	WARN	TLS certificate errors will be ignored for this session
1654529275086	geckodriver	INFO	Listening on 127.0.0.1:43471
1654529275091	mozrunner::runner	INFO	Running command: "/usr/bin/firefox" "--marionette" "-headless" "--remote-debugging-port" "60321" "-no-remote" "-profile" "/tmp/rust_mozprofilee061mB"
*** You are running in headless mode.
1654529275615	Marionette	INFO	Marionette enabled
[GFX1-]: RenderCompositorSWGL failed mapping default framebuffer, no dt
console.warn: SearchSettings: "get: No settings file exists, new profile?" (new NotFoundError("Could not open the file at /tmp/rust_mozprofilee061mB/search.json.mozlz4", (void 0)))
DevTools listening on ws://localhost:60321/devtools/browser/5c0ceb32-8f63-4837-9491-e66ff750ba2e
1654529276786	Marionette	INFO	Listening on port 33295
1654529276817	RemoteAgent	WARN	TLS certificate errors will be ignored for this session
1654543756399	Marionette	INFO	Stopped listening on port 33295
